  main.cpp
C:\Users\zijia\Desktop\Project\Game04\Game04\SocketLib.h(6,1): warning C4005: “FD_SETSIZE”: 宏重定义
C:\Program Files (x86)\Windows Kits\10\Include\10.0.19041.0\um\winsock.h(62): message : 参见“FD_SETSIZE”的前一个定义
C:\Users\zijia\Desktop\Project\Game04\Game04\API.h(16,3): warning C4996: 'sprintf': This function or variable may be unsafe. Consider using sprintf_s instead. To disable deprecation, use _CRT_SECURE_NO_WARNINGS. See online help for details.
C:\Users\zijia\Desktop\Project\Game04\Game04\API.h(26,11): warning C4244: “=”: 从“double”转换到“int”，可能丢失数据
C:\Users\zijia\Desktop\Project\Game04\Game04\API.h(27,11): warning C4244: “=”: 从“double”转换到“int”，可能丢失数据
C:\Users\zijia\Desktop\Project\Game04\Game04\API.h(28,13): warning C4244: “=”: 从“double”转换到“int”，可能丢失数据
C:\Users\zijia\Desktop\Project\Game04\Game04\API.h(29,12): warning C4244: “=”: 从“double”转换到“int”，可能丢失数据
C:\Users\zijia\Desktop\Project\Game04\Game04\API.h(25,3): warning C4996: 'sprintf': This function or variable may be unsafe. Consider using sprintf_s instead. To disable deprecation, use _CRT_SECURE_NO_WARNINGS. See online help for details.
C:\Users\zijia\Desktop\Project\Game04\Game04\API.h(150,11): warning C4244: “=”: 从“double”转换到“int”，可能丢失数据
C:\Users\zijia\Desktop\Project\Game04\Game04\API.h(151,11): warning C4244: “=”: 从“double”转换到“int”，可能丢失数据
C:\Users\zijia\Desktop\Project\Game04\Game04\API.h(152,13): warning C4244: “=”: 从“double”转换到“int”，可能丢失数据
C:\Users\zijia\Desktop\Project\Game04\Game04\API.h(153,12): warning C4244: “=”: 从“double”转换到“int”，可能丢失数据
C:\Users\zijia\Desktop\Project\Game04\Game04\API.h(222,3): warning C4996: 'sprintf': This function or variable may be unsafe. Consider using sprintf_s instead. To disable deprecation, use _CRT_SECURE_NO_WARNINGS. See online help for details.
C:\Users\zijia\Desktop\Project\Game04\Game04\main.cpp(171,56): warning C4267: “参数”: 从“size_t”转换到“int”，可能丢失数据
C:\Users\zijia\Desktop\Project\Game04\Game04\main.cpp(268,41): warning C4244: “参数”: 从“double”转换到“int”，可能丢失数据
C:\Users\zijia\Desktop\Project\Game04\Game04\main.cpp(268,37): warning C4244: “参数”: 从“double”转换到“int”，可能丢失数据
C:\Users\zijia\Desktop\Project\Game04\Game04\main.cpp(268,33): warning C4244: “参数”: 从“double”转换到“int”，可能丢失数据
C:\Users\zijia\Desktop\Project\Game04\Game04\main.cpp(307,39): warning C4244: “参数”: 从“double”转换到“int”，可能丢失数据
C:\Users\zijia\Desktop\Project\Game04\Game04\main.cpp(306,4): warning C4996: 'sprintf': This function or variable may be unsafe. Consider using sprintf_s instead. To disable deprecation, use _CRT_SECURE_NO_WARNINGS. See online help for details.
C:\Users\zijia\Desktop\Project\Game04\Game04\main.cpp(330,51): warning C4267: “参数”: 从“size_t”转换到“int”，可能丢失数据
C:\Users\zijia\Desktop\Project\Game04\Game04\main.cpp(372,41): warning C4244: “参数”: 从“double”转换到“int”，可能丢失数据
C:\Users\zijia\Desktop\Project\Game04\Game04\main.cpp(372,37): warning C4244: “参数”: 从“double”转换到“int”，可能丢失数据
C:\Users\zijia\Desktop\Project\Game04\Game04\main.cpp(372,33): warning C4244: “参数”: 从“double”转换到“int”，可能丢失数据
C:\Users\zijia\Desktop\Project\Game04\Game04\main.cpp(402,39): warning C4244: “参数”: 从“double”转换到“int”，可能丢失数据
C:\Users\zijia\Desktop\Project\Game04\Game04\main.cpp(401,4): warning C4996: 'sprintf': This function or variable may be unsafe. Consider using sprintf_s instead. To disable deprecation, use _CRT_SECURE_NO_WARNINGS. See online help for details.
C:\Users\zijia\Desktop\Project\Game04\Game04\main.cpp(465,38): warning C4244: “参数”: 从“double”转换到“int”，可能丢失数据
C:\Users\zijia\Desktop\Project\Game04\Game04\main.cpp(464,3): warning C4996: 'sprintf': This function or variable may be unsafe. Consider using sprintf_s instead. To disable deprecation, use _CRT_SECURE_NO_WARNINGS. See online help for details.
  正在生成代码
  0 of 501 functions ( 0.0%) were compiled, the rest were copied from previous compilation.
    0 functions were new in current compilation
    0 functions had inline decision re-evaluated but remain unchanged
  已完成代码的生成
  Game04.vcxproj -> C:\Users\zijia\Desktop\Project\Game04\x64\Release\Game04.exe
