  API.cpp
C:\Users\zijia\Desktop\Project\Game04\Game04\API.h(16,3): warning C4996: 'sprintf': This function or variable may be unsafe. Consider using sprintf_s instead. To disable deprecation, use _CRT_SECURE_NO_WARNINGS. See online help for details.
C:\Users\zijia\Desktop\Project\Game04\Game04\API.h(26,11): warning C4244: “=”: 从“double”转换到“int”，可能丢失数据
C:\Users\zijia\Desktop\Project\Game04\Game04\API.h(27,11): warning C4244: “=”: 从“double”转换到“int”，可能丢失数据
C:\Users\zijia\Desktop\Project\Game04\Game04\API.h(28,13): warning C4244: “=”: 从“double”转换到“int”，可能丢失数据
C:\Users\zijia\Desktop\Project\Game04\Game04\API.h(29,12): warning C4244: “=”: 从“double”转换到“int”，可能丢失数据
C:\Users\zijia\Desktop\Project\Game04\Game04\API.h(25,3): warning C4996: 'sprintf': This function or variable may be unsafe. Consider using sprintf_s instead. To disable deprecation, use _CRT_SECURE_NO_WARNINGS. See online help for details.
C:\Users\zijia\Desktop\Project\Game04\Game04\API.h(150,11): warning C4244: “=”: 从“double”转换到“int”，可能丢失数据
C:\Users\zijia\Desktop\Project\Game04\Game04\API.h(151,11): warning C4244: “=”: 从“double”转换到“int”，可能丢失数据
C:\Users\zijia\Desktop\Project\Game04\Game04\API.h(152,13): warning C4244: “=”: 从“double”转换到“int”，可能丢失数据
C:\Users\zijia\Desktop\Project\Game04\Game04\API.h(153,12): warning C4244: “=”: 从“double”转换到“int”，可能丢失数据
C:\Users\zijia\Desktop\Project\Game04\Game04\API.h(222,3): warning C4996: 'sprintf': This function or variable may be unsafe. Consider using sprintf_s instead. To disable deprecation, use _CRT_SECURE_NO_WARNINGS. See online help for details.
  Control.cpp
  Draw.cpp
C:\Users\zijia\Desktop\Project\Game04\Game04\Draw.cpp(98,18): warning C4244: “=”: 从“double”转换到“int”，可能丢失数据
C:\Users\zijia\Desktop\Project\Game04\Game04\Draw.cpp(99,18): warning C4244: “=”: 从“double”转换到“int”，可能丢失数据
C:\Users\zijia\Desktop\Project\Game04\Game04\Draw.cpp(100,18): warning C4244: “=”: 从“double”转换到“int”，可能丢失数据
C:\Users\zijia\Desktop\Project\Game04\Game04\Draw.cpp(107,18): warning C4244: “=”: 从“double”转换到“int”，可能丢失数据
C:\Users\zijia\Desktop\Project\Game04\Game04\Draw.cpp(108,18): warning C4244: “=”: 从“double”转换到“int”，可能丢失数据
C:\Users\zijia\Desktop\Project\Game04\Game04\Draw.cpp(109,18): warning C4244: “=”: 从“double”转换到“int”，可能丢失数据
C:\Users\zijia\Desktop\Project\Game04\Game04\Draw.cpp(115,8): warning C4244: “初始化”: 从“double”转换到“int”，可能丢失数据
C:\Users\zijia\Desktop\Project\Game04\Game04\Draw.cpp(115,24): warning C4244: “初始化”: 从“double”转换到“int”，可能丢失数据
C:\Users\zijia\Desktop\Project\Game04\Game04\Draw.cpp(115,40): warning C4244: “初始化”: 从“double”转换到“int”，可能丢失数据
C:\Users\zijia\Desktop\Project\Game04\Game04\Draw.cpp(115,60): warning C4244: “初始化”: 从“double”转换到“int”，可能丢失数据
C:\Users\zijia\Desktop\Project\Game04\Game04\Draw.cpp(155,13): warning C4244: “初始化”: 从“double”转换到“int”，可能丢失数据
C:\Users\zijia\Desktop\Project\Game04\Game04\Draw.cpp(157,14): warning C4244: “初始化”: 从“double”转换到“int”，可能丢失数据
C:\Users\zijia\Desktop\Project\Game04\Game04\Draw.cpp(189,8): warning C4244: “初始化”: 从“double”转换到“int”，可能丢失数据
C:\Users\zijia\Desktop\Project\Game04\Game04\Draw.cpp(189,67): warning C4244: “初始化”: 从“double”转换到“int”，可能丢失数据
C:\Users\zijia\Desktop\Project\Game04\Game04\Draw.cpp(198,27): warning C4244: “=”: 从“double”转换到“int”，可能丢失数据
C:\Users\zijia\Desktop\Project\Game04\Game04\Draw.cpp(199,23): warning C4244: “=”: 从“double”转换到“int”，可能丢失数据
C:\Users\zijia\Desktop\Project\Game04\Game04\Draw.cpp(221,8): warning C4244: “初始化”: 从“double”转换到“int”，可能丢失数据
C:\Users\zijia\Desktop\Project\Game04\Game04\Draw.cpp(221,24): warning C4244: “初始化”: 从“double”转换到“int”，可能丢失数据
C:\Users\zijia\Desktop\Project\Game04\Game04\Draw.cpp(221,40): warning C4244: “初始化”: 从“double”转换到“int”，可能丢失数据
C:\Users\zijia\Desktop\Project\Game04\Game04\Draw.cpp(221,60): warning C4244: “初始化”: 从“double”转换到“int”，可能丢失数据
C:\Users\zijia\Desktop\Project\Game04\Game04\Draw.cpp(240,8): warning C4244: “初始化”: 从“double”转换到“int”，可能丢失数据
C:\Users\zijia\Desktop\Project\Game04\Game04\Draw.cpp(240,24): warning C4244: “初始化”: 从“double”转换到“int”，可能丢失数据
C:\Users\zijia\Desktop\Project\Game04\Game04\Draw.cpp(240,40): warning C4244: “初始化”: 从“double”转换到“int”，可能丢失数据
C:\Users\zijia\Desktop\Project\Game04\Game04\Draw.cpp(240,60): warning C4244: “初始化”: 从“double”转换到“int”，可能丢失数据
C:\Users\zijia\Desktop\Project\Game04\Game04\Draw.cpp(266,13): warning C4244: “初始化”: 从“double”转换到“int”，可能丢失数据
C:\Users\zijia\Desktop\Project\Game04\Game04\Draw.cpp(268,14): warning C4244: “初始化”: 从“double”转换到“int”，可能丢失数据
C:\Users\zijia\Desktop\Project\Game04\Game04\Draw.cpp(360,14): warning C4244: “=”: 从“double”转换到“int”，可能丢失数据
C:\Users\zijia\Desktop\Project\Game04\Game04\Draw.cpp(361,14): warning C4244: “=”: 从“double”转换到“int”，可能丢失数据
C:\Users\zijia\Desktop\Project\Game04\Game04\Draw.cpp(362,14): warning C4244: “=”: 从“double”转换到“int”，可能丢失数据
C:\Users\zijia\Desktop\Project\Game04\Game04\Draw.cpp(363,14): warning C4244: “=”: 从“double”转换到“int”，可能丢失数据
C:\Users\zijia\Desktop\Project\Game04\Game04\Draw.cpp(384,16): warning C4244: “初始化”: 从“double”转换到“int”，可能丢失数据
C:\Users\zijia\Desktop\Project\Game04\Game04\Draw.cpp(407,16): warning C4244: “初始化”: 从“double”转换到“int”，可能丢失数据
C:\Users\zijia\Desktop\Project\Game04\Game04\Draw.cpp(432,16): warning C4244: “初始化”: 从“double”转换到“int”，可能丢失数据
  Func_text.cpp
C:\Users\zijia\Desktop\Project\Game04\Game04\Func_text.cpp(64,27): warning C4244: “参数”: 从“double”转换到“int”，可能丢失数据
C:\Users\zijia\Desktop\Project\Game04\Game04\Func_text.cpp(64,13): warning C4244: “参数”: 从“double”转换到“int”，可能丢失数据
  main.cpp
C:\Users\zijia\Desktop\Project\Game04\Game04\SocketLib.h(6,1): warning C4005: “FD_SETSIZE”: 宏重定义
C:\Program Files (x86)\Windows Kits\10\Include\10.0.19041.0\um\winsock.h(62): message : 参见“FD_SETSIZE”的前一个定义
C:\Users\zijia\Desktop\Project\Game04\Game04\API.h(16,3): warning C4996: 'sprintf': This function or variable may be unsafe. Consider using sprintf_s instead. To disable deprecation, use _CRT_SECURE_NO_WARNINGS. See online help for details.
C:\Users\zijia\Desktop\Project\Game04\Game04\API.h(26,11): warning C4244: “=”: 从“double”转换到“int”，可能丢失数据
C:\Users\zijia\Desktop\Project\Game04\Game04\API.h(27,11): warning C4244: “=”: 从“double”转换到“int”，可能丢失数据
C:\Users\zijia\Desktop\Project\Game04\Game04\API.h(28,13): warning C4244: “=”: 从“double”转换到“int”，可能丢失数据
C:\Users\zijia\Desktop\Project\Game04\Game04\API.h(29,12): warning C4244: “=”: 从“double”转换到“int”，可能丢失数据
C:\Users\zijia\Desktop\Project\Game04\Game04\API.h(25,3): warning C4996: 'sprintf': This function or variable may be unsafe. Consider using sprintf_s instead. To disable deprecation, use _CRT_SECURE_NO_WARNINGS. See online help for details.
C:\Users\zijia\Desktop\Project\Game04\Game04\API.h(150,11): warning C4244: “=”: 从“double”转换到“int”，可能丢失数据
C:\Users\zijia\Desktop\Project\Game04\Game04\API.h(151,11): warning C4244: “=”: 从“double”转换到“int”，可能丢失数据
C:\Users\zijia\Desktop\Project\Game04\Game04\API.h(152,13): warning C4244: “=”: 从“double”转换到“int”，可能丢失数据
C:\Users\zijia\Desktop\Project\Game04\Game04\API.h(153,12): warning C4244: “=”: 从“double”转换到“int”，可能丢失数据
C:\Users\zijia\Desktop\Project\Game04\Game04\API.h(222,3): warning C4996: 'sprintf': This function or variable may be unsafe. Consider using sprintf_s instead. To disable deprecation, use _CRT_SECURE_NO_WARNINGS. See online help for details.
C:\Users\zijia\Desktop\Project\Game04\Game04\main.cpp(268,41): warning C4244: “参数”: 从“double”转换到“int”，可能丢失数据
C:\Users\zijia\Desktop\Project\Game04\Game04\main.cpp(268,37): warning C4244: “参数”: 从“double”转换到“int”，可能丢失数据
C:\Users\zijia\Desktop\Project\Game04\Game04\main.cpp(268,33): warning C4244: “参数”: 从“double”转换到“int”，可能丢失数据
C:\Users\zijia\Desktop\Project\Game04\Game04\main.cpp(307,39): warning C4244: “参数”: 从“double”转换到“int”，可能丢失数据
C:\Users\zijia\Desktop\Project\Game04\Game04\main.cpp(306,4): warning C4996: 'sprintf': This function or variable may be unsafe. Consider using sprintf_s instead. To disable deprecation, use _CRT_SECURE_NO_WARNINGS. See online help for details.
C:\Users\zijia\Desktop\Project\Game04\Game04\main.cpp(372,41): warning C4244: “参数”: 从“double”转换到“int”，可能丢失数据
C:\Users\zijia\Desktop\Project\Game04\Game04\main.cpp(372,37): warning C4244: “参数”: 从“double”转换到“int”，可能丢失数据
C:\Users\zijia\Desktop\Project\Game04\Game04\main.cpp(372,33): warning C4244: “参数”: 从“double”转换到“int”，可能丢失数据
C:\Users\zijia\Desktop\Project\Game04\Game04\main.cpp(402,39): warning C4244: “参数”: 从“double”转换到“int”，可能丢失数据
C:\Users\zijia\Desktop\Project\Game04\Game04\main.cpp(401,4): warning C4996: 'sprintf': This function or variable may be unsafe. Consider using sprintf_s instead. To disable deprecation, use _CRT_SECURE_NO_WARNINGS. See online help for details.
C:\Users\zijia\Desktop\Project\Game04\Game04\main.cpp(465,38): warning C4244: “参数”: 从“double”转换到“int”，可能丢失数据
C:\Users\zijia\Desktop\Project\Game04\Game04\main.cpp(464,3): warning C4996: 'sprintf': This function or variable may be unsafe. Consider using sprintf_s instead. To disable deprecation, use _CRT_SECURE_NO_WARNINGS. See online help for details.
  MathLib.cpp
  Partical.cpp
  Rand.cpp
C:\Users\zijia\Desktop\Project\Game04\Game04\Rand.cpp(5,12): warning C4244: “参数”: 从“time_t”转换到“unsigned int”，可能丢失数据
C:\Users\zijia\Desktop\Project\Game04\Game04\Rand.cpp(15,8): warning C4244: “初始化”: 从“double”转换到“int”，可能丢失数据
C:\Users\zijia\Desktop\Project\Game04\Game04\Rand.cpp(15,23): warning C4244: “初始化”: 从“double”转换到“int”，可能丢失数据
  SocketLib.cpp
  World.cpp
C:\Users\zijia\Desktop\Project\Game04\Game04\SocketLib.h(6,1): warning C4005: “FD_SETSIZE”: 宏重定义
C:\Program Files (x86)\Windows Kits\10\Include\10.0.19041.0\um\winsock.h(62): message : 参见“FD_SETSIZE”的前一个定义
C:\Users\zijia\Desktop\Project\Game04\Game04\World.cpp(44,13): warning C4244: “初始化”: 从“double”转换到“int”，可能丢失数据
C:\Users\zijia\Desktop\Project\Game04\Game04\World.cpp(44,49): warning C4244: “初始化”: 从“double”转换到“int”，可能丢失数据
C:\Users\zijia\Desktop\Project\Game04\Game04\World.cpp(58,25): warning C4244: “初始化”: 从“double”转换到“int”，可能丢失数据
C:\Users\zijia\Desktop\Project\Game04\Game04\World.cpp(58,73): warning C4244: “初始化”: 从“double”转换到“int”，可能丢失数据
C:\Users\zijia\Desktop\Project\Game04\Game04\World.cpp(60,10): warning C4244: “初始化”: 从“double”转换到“int”，可能丢失数据
C:\Users\zijia\Desktop\Project\Game04\Game04\World.cpp(466,2): warning C4996: 'sprintf': This function or variable may be unsafe. Consider using sprintf_s instead. To disable deprecation, use _CRT_SECURE_NO_WARNINGS. See online help for details.
C:\Users\zijia\Desktop\Project\Game04\Game04\World.cpp(540,206): warning C4244: “参数”: 从“double”转换到“int”，可能丢失数据
C:\Users\zijia\Desktop\Project\Game04\Game04\World.cpp(540,189): warning C4244: “参数”: 从“double”转换到“int”，可能丢失数据
C:\Users\zijia\Desktop\Project\Game04\Game04\World.cpp(540,172): warning C4244: “参数”: 从“double”转换到“int”，可能丢失数据
C:\Users\zijia\Desktop\Project\Game04\Game04\World.cpp(541,85): warning C4244: “参数”: 从“double”转换到“int”，可能丢失数据
C:\Users\zijia\Desktop\Project\Game04\Game04\World.cpp(541,68): warning C4244: “参数”: 从“double”转换到“int”，可能丢失数据
C:\Users\zijia\Desktop\Project\Game04\Game04\World.cpp(541,51): warning C4244: “参数”: 从“double”转换到“int”，可能丢失数据
C:\Users\zijia\Desktop\Project\Game04\Game04\World.cpp(547,66): warning C4244: “参数”: 从“double”转换到“int”，可能丢失数据
C:\Users\zijia\Desktop\Project\Game04\Game04\World.cpp(547,49): warning C4244: “参数”: 从“double”转换到“int”，可能丢失数据
C:\Users\zijia\Desktop\Project\Game04\Game04\World.cpp(547,32): warning C4244: “参数”: 从“double”转换到“int”，可能丢失数据
C:\Users\zijia\Desktop\Project\Game04\Game04\World.cpp(551,8): warning C4244: “初始化”: 从“double”转换到“int”，可能丢失数据
C:\Users\zijia\Desktop\Project\Game04\Game04\World.cpp(556,38): warning C4244: “参数”: 从“double”转换到“int”，可能丢失数据
C:\Users\zijia\Desktop\Project\Game04\Game04\World.cpp(556,35): warning C4244: “参数”: 从“double”转换到“int”，可能丢失数据
C:\Users\zijia\Desktop\Project\Game04\Game04\World.cpp(558,87): warning C4244: “参数”: 从“double”转换到“int”，可能丢失数据
C:\Users\zijia\Desktop\Project\Game04\Game04\World.cpp(558,76): warning C4244: “参数”: 从“double”转换到“int”，可能丢失数据
C:\Users\zijia\Desktop\Project\Game04\Game04\World.cpp(563,38): warning C4244: “参数”: 从“double”转换到“int”，可能丢失数据
C:\Users\zijia\Desktop\Project\Game04\Game04\World.cpp(563,35): warning C4244: “参数”: 从“double”转换到“int”，可能丢失数据
C:\Users\zijia\Desktop\Project\Game04\Game04\World.cpp(565,87): warning C4244: “参数”: 从“double”转换到“int”，可能丢失数据
C:\Users\zijia\Desktop\Project\Game04\Game04\World.cpp(565,76): warning C4244: “参数”: 从“double”转换到“int”，可能丢失数据
C:\Users\zijia\Desktop\Project\Game04\Game04\World.cpp(536,2): warning C4996: 'sprintf': This function or variable may be unsafe. Consider using sprintf_s instead. To disable deprecation, use _CRT_SECURE_NO_WARNINGS. See online help for details.
C:\Users\zijia\Desktop\Project\Game04\Game04\World.cpp(545,3): warning C4996: 'sprintf': This function or variable may be unsafe. Consider using sprintf_s instead. To disable deprecation, use _CRT_SECURE_NO_WARNINGS. See online help for details.
C:\Users\zijia\Desktop\Project\Game04\Game04\World.cpp(558,7): warning C4996: 'sprintf': This function or variable may be unsafe. Consider using sprintf_s instead. To disable deprecation, use _CRT_SECURE_NO_WARNINGS. See online help for details.
C:\Users\zijia\Desktop\Project\Game04\Game04\World.cpp(565,7): warning C4996: 'sprintf': This function or variable may be unsafe. Consider using sprintf_s instead. To disable deprecation, use _CRT_SECURE_NO_WARNINGS. See online help for details.
C:\Users\zijia\Desktop\Project\Game04\Game04\World.cpp(534,6): warning C4101: “color”: 未引用的局部变量
C:\Users\zijia\Desktop\Project\Game04\Game04\World.cpp(692,42): warning C4244: “参数”: 从“double”转换到“int”，可能丢失数据
C:\Users\zijia\Desktop\Project\Game04\Game04\World.cpp(692,38): warning C4244: “参数”: 从“double”转换到“int”，可能丢失数据
C:\Users\zijia\Desktop\Project\Game04\Game04\World.cpp(692,34): warning C4244: “参数”: 从“double”转换到“int”，可能丢失数据
  正在生成代码...
  Game04.vcxproj -> C:\Users\zijia\Desktop\Project\Game04\Debug\Game04.exe
