  API.cpp
f:\开发项目\game0x series\game04\game04-v0.0.6\game04\API.h(16): warning C4996: 'sprintf': This function or variable may be unsafe. Consider using sprintf_s instead. To disable deprecation, use _CRT_SECURE_NO_WARNINGS. See online help for details.
  C:\Program Files (x86)\Windows Kits\10\Include\10.0.10240.0\ucrt\stdio.h(1769): note: 参见“sprintf”的声明
f:\开发项目\game0x series\game04\game04-v0.0.6\game04\API.h(26): warning C4244: “=”: 从“double”转换到“int”，可能丢失数据
f:\开发项目\game0x series\game04\game04-v0.0.6\game04\API.h(27): warning C4244: “=”: 从“double”转换到“int”，可能丢失数据
f:\开发项目\game0x series\game04\game04-v0.0.6\game04\API.h(28): warning C4244: “=”: 从“double”转换到“int”，可能丢失数据
f:\开发项目\game0x series\game04\game04-v0.0.6\game04\API.h(29): warning C4244: “=”: 从“double”转换到“int”，可能丢失数据
f:\开发项目\game0x series\game04\game04-v0.0.6\game04\API.h(25): warning C4996: 'sprintf': This function or variable may be unsafe. Consider using sprintf_s instead. To disable deprecation, use _CRT_SECURE_NO_WARNINGS. See online help for details.
  C:\Program Files (x86)\Windows Kits\10\Include\10.0.10240.0\ucrt\stdio.h(1769): note: 参见“sprintf”的声明
f:\开发项目\game0x series\game04\game04-v0.0.6\game04\API.h(72): warning C4800: “SHORT”: 将值强制为布尔值“true”或“false”(性能警告)
f:\开发项目\game0x series\game04\game04-v0.0.6\game04\API.h(150): warning C4244: “=”: 从“double”转换到“int”，可能丢失数据
f:\开发项目\game0x series\game04\game04-v0.0.6\game04\API.h(151): warning C4244: “=”: 从“double”转换到“int”，可能丢失数据
f:\开发项目\game0x series\game04\game04-v0.0.6\game04\API.h(152): warning C4244: “=”: 从“double”转换到“int”，可能丢失数据
f:\开发项目\game0x series\game04\game04-v0.0.6\game04\API.h(153): warning C4244: “=”: 从“double”转换到“int”，可能丢失数据
f:\开发项目\game0x series\game04\game04-v0.0.6\game04\API.h(222): warning C4996: 'sprintf': This function or variable may be unsafe. Consider using sprintf_s instead. To disable deprecation, use _CRT_SECURE_NO_WARNINGS. See online help for details.
  C:\Program Files (x86)\Windows Kits\10\Include\10.0.10240.0\ucrt\stdio.h(1769): note: 参见“sprintf”的声明
  Control.cpp
Control.cpp(6): warning C4800: “SHORT”: 将值强制为布尔值“true”或“false”(性能警告)
  Draw.cpp
Draw.cpp(98): warning C4244: “=”: 从“double”转换到“int”，可能丢失数据
Draw.cpp(99): warning C4244: “=”: 从“double”转换到“int”，可能丢失数据
Draw.cpp(100): warning C4244: “=”: 从“double”转换到“int”，可能丢失数据
Draw.cpp(107): warning C4244: “=”: 从“double”转换到“int”，可能丢失数据
Draw.cpp(108): warning C4244: “=”: 从“double”转换到“int”，可能丢失数据
Draw.cpp(109): warning C4244: “=”: 从“double”转换到“int”，可能丢失数据
Draw.cpp(115): warning C4244: “初始化”: 从“double”转换到“int”，可能丢失数据
Draw.cpp(155): warning C4244: “初始化”: 从“double”转换到“int”，可能丢失数据
Draw.cpp(157): warning C4244: “初始化”: 从“double”转换到“int”，可能丢失数据
Draw.cpp(189): warning C4244: “初始化”: 从“double”转换到“int”，可能丢失数据
Draw.cpp(198): warning C4244: “=”: 从“double”转换到“int”，可能丢失数据
Draw.cpp(199): warning C4244: “=”: 从“double”转换到“int”，可能丢失数据
Draw.cpp(221): warning C4244: “初始化”: 从“double”转换到“int”，可能丢失数据
Draw.cpp(240): warning C4244: “初始化”: 从“double”转换到“int”，可能丢失数据
Draw.cpp(266): warning C4244: “初始化”: 从“double”转换到“int”，可能丢失数据
Draw.cpp(268): warning C4244: “初始化”: 从“double”转换到“int”，可能丢失数据
Draw.cpp(360): warning C4244: “=”: 从“double”转换到“int”，可能丢失数据
Draw.cpp(361): warning C4244: “=”: 从“double”转换到“int”，可能丢失数据
Draw.cpp(362): warning C4244: “=”: 从“double”转换到“int”，可能丢失数据
Draw.cpp(363): warning C4244: “=”: 从“double”转换到“int”，可能丢失数据
Draw.cpp(384): warning C4244: “初始化”: 从“double”转换到“int”，可能丢失数据
Draw.cpp(407): warning C4244: “初始化”: 从“double”转换到“int”，可能丢失数据
Draw.cpp(432): warning C4244: “初始化”: 从“double”转换到“int”，可能丢失数据
  Func_text.cpp
Func_text.cpp(64): warning C4244: “参数”: 从“double”转换到“int”，可能丢失数据
  main.cpp
f:\开发项目\game0x series\game04\game04-v0.0.6\game04\SocketLib.h(6): warning C4005: “FD_SETSIZE”: 宏重定义
  C:\Program Files (x86)\Windows Kits\8.1\Include\um\winsock.h(57): note: 参见“FD_SETSIZE”的前一个定义
f:\开发项目\game0x series\game04\game04-v0.0.6\game04\API.h(16): warning C4996: 'sprintf': This function or variable may be unsafe. Consider using sprintf_s instead. To disable deprecation, use _CRT_SECURE_NO_WARNINGS. See online help for details.
  C:\Program Files (x86)\Windows Kits\10\Include\10.0.10240.0\ucrt\stdio.h(1769): note: 参见“sprintf”的声明
f:\开发项目\game0x series\game04\game04-v0.0.6\game04\API.h(26): warning C4244: “=”: 从“double”转换到“int”，可能丢失数据
f:\开发项目\game0x series\game04\game04-v0.0.6\game04\API.h(27): warning C4244: “=”: 从“double”转换到“int”，可能丢失数据
f:\开发项目\game0x series\game04\game04-v0.0.6\game04\API.h(28): warning C4244: “=”: 从“double”转换到“int”，可能丢失数据
f:\开发项目\game0x series\game04\game04-v0.0.6\game04\API.h(29): warning C4244: “=”: 从“double”转换到“int”，可能丢失数据
f:\开发项目\game0x series\game04\game04-v0.0.6\game04\API.h(25): warning C4996: 'sprintf': This function or variable may be unsafe. Consider using sprintf_s instead. To disable deprecation, use _CRT_SECURE_NO_WARNINGS. See online help for details.
  C:\Program Files (x86)\Windows Kits\10\Include\10.0.10240.0\ucrt\stdio.h(1769): note: 参见“sprintf”的声明
f:\开发项目\game0x series\game04\game04-v0.0.6\game04\API.h(72): warning C4800: “SHORT”: 将值强制为布尔值“true”或“false”(性能警告)
f:\开发项目\game0x series\game04\game04-v0.0.6\game04\API.h(150): warning C4244: “=”: 从“double”转换到“int”，可能丢失数据
f:\开发项目\game0x series\game04\game04-v0.0.6\game04\API.h(151): warning C4244: “=”: 从“double”转换到“int”，可能丢失数据
f:\开发项目\game0x series\game04\game04-v0.0.6\game04\API.h(152): warning C4244: “=”: 从“double”转换到“int”，可能丢失数据
f:\开发项目\game0x series\game04\game04-v0.0.6\game04\API.h(153): warning C4244: “=”: 从“double”转换到“int”，可能丢失数据
f:\开发项目\game0x series\game04\game04-v0.0.6\game04\API.h(222): warning C4996: 'sprintf': This function or variable may be unsafe. Consider using sprintf_s instead. To disable deprecation, use _CRT_SECURE_NO_WARNINGS. See online help for details.
  C:\Program Files (x86)\Windows Kits\10\Include\10.0.10240.0\ucrt\stdio.h(1769): note: 参见“sprintf”的声明
main.cpp(268): warning C4244: “参数”: 从“double”转换到“int”，可能丢失数据
main.cpp(307): warning C4244: “参数”: 从“double”转换到“int”，可能丢失数据
main.cpp(306): warning C4996: 'sprintf': This function or variable may be unsafe. Consider using sprintf_s instead. To disable deprecation, use _CRT_SECURE_NO_WARNINGS. See online help for details.
  C:\Program Files (x86)\Windows Kits\10\Include\10.0.10240.0\ucrt\stdio.h(1769): note: 参见“sprintf”的声明
main.cpp(372): warning C4244: “参数”: 从“double”转换到“int”，可能丢失数据
main.cpp(402): warning C4244: “参数”: 从“double”转换到“int”，可能丢失数据
main.cpp(401): warning C4996: 'sprintf': This function or variable may be unsafe. Consider using sprintf_s instead. To disable deprecation, use _CRT_SECURE_NO_WARNINGS. See online help for details.
  C:\Program Files (x86)\Windows Kits\10\Include\10.0.10240.0\ucrt\stdio.h(1769): note: 参见“sprintf”的声明
main.cpp(465): warning C4244: “参数”: 从“double”转换到“int”，可能丢失数据
main.cpp(464): warning C4996: 'sprintf': This function or variable may be unsafe. Consider using sprintf_s instead. To disable deprecation, use _CRT_SECURE_NO_WARNINGS. See online help for details.
  C:\Program Files (x86)\Windows Kits\10\Include\10.0.10240.0\ucrt\stdio.h(1769): note: 参见“sprintf”的声明
  MathLib.cpp
  Partical.cpp
  Rand.cpp
Rand.cpp(5): warning C4244: “参数”: 从“time_t”转换到“unsigned int”，可能丢失数据
Rand.cpp(15): warning C4244: “初始化”: 从“double”转换到“int”，可能丢失数据
  SocketLib.cpp
  World.cpp
f:\开发项目\game0x series\game04\game04-v0.0.6\game04\SocketLib.h(6): warning C4005: “FD_SETSIZE”: 宏重定义
  C:\Program Files (x86)\Windows Kits\8.1\Include\um\winsock.h(57): note: 参见“FD_SETSIZE”的前一个定义
World.cpp(44): warning C4244: “初始化”: 从“double”转换到“int”，可能丢失数据
World.cpp(58): warning C4244: “初始化”: 从“double”转换到“int”，可能丢失数据
World.cpp(60): warning C4244: “初始化”: 从“double”转换到“int”，可能丢失数据
World.cpp(466): warning C4996: 'sprintf': This function or variable may be unsafe. Consider using sprintf_s instead. To disable deprecation, use _CRT_SECURE_NO_WARNINGS. See online help for details.
  C:\Program Files (x86)\Windows Kits\10\Include\10.0.10240.0\ucrt\stdio.h(1769): note: 参见“sprintf”的声明
World.cpp(540): warning C4244: “参数”: 从“double”转换到“int”，可能丢失数据
World.cpp(541): warning C4244: “参数”: 从“double”转换到“int”，可能丢失数据
World.cpp(547): warning C4244: “参数”: 从“double”转换到“int”，可能丢失数据
World.cpp(551): warning C4244: “初始化”: 从“double”转换到“int”，可能丢失数据
World.cpp(556): warning C4244: “参数”: 从“double”转换到“int”，可能丢失数据
World.cpp(558): warning C4244: “参数”: 从“double”转换到“int”，可能丢失数据
World.cpp(563): warning C4244: “参数”: 从“double”转换到“int”，可能丢失数据
World.cpp(565): warning C4244: “参数”: 从“double”转换到“int”，可能丢失数据
World.cpp(536): warning C4996: 'sprintf': This function or variable may be unsafe. Consider using sprintf_s instead. To disable deprecation, use _CRT_SECURE_NO_WARNINGS. See online help for details.
  C:\Program Files (x86)\Windows Kits\10\Include\10.0.10240.0\ucrt\stdio.h(1769): note: 参见“sprintf”的声明
World.cpp(545): warning C4996: 'sprintf': This function or variable may be unsafe. Consider using sprintf_s instead. To disable deprecation, use _CRT_SECURE_NO_WARNINGS. See online help for details.
  C:\Program Files (x86)\Windows Kits\10\Include\10.0.10240.0\ucrt\stdio.h(1769): note: 参见“sprintf”的声明
World.cpp(558): warning C4996: 'sprintf': This function or variable may be unsafe. Consider using sprintf_s instead. To disable deprecation, use _CRT_SECURE_NO_WARNINGS. See online help for details.
  C:\Program Files (x86)\Windows Kits\10\Include\10.0.10240.0\ucrt\stdio.h(1769): note: 参见“sprintf”的声明
World.cpp(565): warning C4996: 'sprintf': This function or variable may be unsafe. Consider using sprintf_s instead. To disable deprecation, use _CRT_SECURE_NO_WARNINGS. See online help for details.
  C:\Program Files (x86)\Windows Kits\10\Include\10.0.10240.0\ucrt\stdio.h(1769): note: 参见“sprintf”的声明
World.cpp(534): warning C4101: “color”: 未引用的局部变量
World.cpp(692): warning C4244: “参数”: 从“double”转换到“int”，可能丢失数据
  正在生成代码
  542 of 544 functions (99.6%) were compiled, the rest were copied from previous compilation.
    10 functions were new in current compilation
    0 functions had inline decision re-evaluated but remain unchanged
  已完成代码的生成
  Game04.vcxproj -> F:\开发项目\Game0X Series\Game04\Game04-v0.0.6\Release\Game04.exe
  Game04.vcxproj -> F:\开发项目\Game0X Series\Game04\Game04-v0.0.6\Release\Game04.pdb (Full PDB)
